2021-12-01 08:00:23 || CRCLClient.<init>() : INITIAL KTTING WORLD
sku_kit_m2l1_vessel14 at [ 0.4000, -1.0500,  0.9200 ]
	slot1 sku_part_medium_gear (empty) at [ 0.4564,-1.0120, 0.9200]
	slot2 sku_part_medium_gear (empty) at [ 0.4535,-1.0920, 0.9200]
	slot3 sku_part_large_gear (empty) at [ 0.3600,-1.0485, 0.9200]
sku_kit_m2l1_vessel15 at [ 0.1800, -1.0500,  0.9200 ]
	slot1 sku_part_medium_gear (empty) at [ 0.2364,-1.0120, 0.9200]
	slot2 sku_part_medium_gear (empty) at [ 0.2335,-1.0920, 0.9200]
	slot3 sku_part_large_gear (empty) at [ 0.1400,-1.0485, 0.9200]
sku_medium_gear_vessel16 at [ 0.1900, -1.2400,  0.9200 ]
	slot1 sku_part_medium_gear (sku_part_medium_gear17) at [ 0.2282,-1.1991, 0.9200]
	slot2 sku_part_medium_gear (sku_part_medium_gear18) at [ 0.1491,-1.2018, 0.9200]
	slot3 sku_part_medium_gear (sku_part_medium_gear20) at [ 0.2309,-1.2782, 0.9200]
	slot4 sku_part_medium_gear (sku_part_medium_gear19) at [ 0.1518,-1.2809, 0.9200]
sku_large_gear_vessel21 at [ 0.3900, -1.2600,  0.9200 ]
	slot1 sku_part_large_gear (sku_part_large_gear23) at [ 0.3922,-1.3150, 0.9200]
	slot2 sku_part_large_gear (sku_part_large_gear22) at [ 0.3878,-1.2050, 0.9200]

2021-12-01 08:00:23 || KittingInterface.pickupGear() : pickupGear=sku_part_medium_gear17 approach/move/close/retract
2021-12-01 08:00:23 || CRCLClient.issueCrclCommand() : class crcl.base.MoveToType 0.3990, -0.0600,  0.0408  0.7071,  0.7071,  0.0000,  0.0000, 
2021-12-01 08:00:25 || CRCLClient.issueCrclCommand() : class crcl.base.MoveToType 0.3990, -0.0600,  0.0008  0.7071,  0.7071,  0.0000,  0.0000, 
2021-12-01 08:00:27 || CRCLClient.issueCrclCommand() : class crcl.base.SetEndEffectorType close
2021-12-01 08:00:29 || CRCLClient.issueCrclCommand() : class crcl.base.MoveToType 0.3990, -0.0600,  0.0408  0.7071,  0.7071,  0.0000,  0.0000, 
2021-12-01 08:00:31 || KittingInterface.placeGear() : placeGear kit=sku_kit_m2l1_vessel14 slot= slot1  approach/move/open/retract
2021-12-01 08:00:31 || CRCLClient.issueCrclCommand() : class crcl.base.MoveToType 0.6254,  0.1280,  0.0608  0.7071,  0.7071,  0.0000,  0.0000, 
2021-12-01 08:00:33 || CRCLClient.issueCrclCommand() : class crcl.base.MoveToType 0.6254,  0.1280,  0.0208  0.7071,  0.7071,  0.0000,  0.0000, 
2021-12-01 08:00:35 || CRCLClient.issueCrclCommand() : class crcl.base.SetEndEffectorType open
2021-12-01 08:00:35 || CRCLClient.issueCrclCommand() : release gear sku_part_medium_gear17 to new location 0.4564, -1.0120,  0.9200  0.0000,  0.0000,  0.0000,  1.0000, 
2021-12-01 08:00:35 || CRCLClient.issueCrclCommand() : New kitting scene inferences after gear move
sku_kit_m2l1_vessel14 at [ 0.4000, -1.0500,  0.9200 ]
	slot1 sku_part_medium_gear (sku_part_medium_gear17) at [ 0.4564,-1.0120, 0.9200]
	slot2 sku_part_medium_gear (empty) at [ 0.4535,-1.0920, 0.9200]
	slot3 sku_part_large_gear (empty) at [ 0.3600,-1.0485, 0.9200]
sku_kit_m2l1_vessel15 at [ 0.1800, -1.0500,  0.9200 ]
	slot1 sku_part_medium_gear (empty) at [ 0.2364,-1.0120, 0.9200]
	slot2 sku_part_medium_gear (empty) at [ 0.2335,-1.0920, 0.9200]
	slot3 sku_part_large_gear (empty) at [ 0.1400,-1.0485, 0.9200]
sku_medium_gear_vessel16 at [ 0.1900, -1.2400,  0.9200 ]
	slot1 sku_part_medium_gear (empty) at [ 0.2282,-1.1991, 0.9200]
	slot2 sku_part_medium_gear (sku_part_medium_gear18) at [ 0.1491,-1.2018, 0.9200]
	slot3 sku_part_medium_gear (sku_part_medium_gear20) at [ 0.2309,-1.2782, 0.9200]
	slot4 sku_part_medium_gear (sku_part_medium_gear19) at [ 0.1518,-1.2809, 0.9200]
sku_large_gear_vessel21 at [ 0.3900, -1.2600,  0.9200 ]
	slot1 sku_part_large_gear (sku_part_large_gear23) at [ 0.3922,-1.3150, 0.9200]
	slot2 sku_part_large_gear (sku_part_large_gear22) at [ 0.3878,-1.2050, 0.9200]

2021-12-01 08:00:37 || CRCLClient.issueCrclCommand() : class crcl.base.MoveToType 0.6254,  0.1280,  0.0608  0.7071,  0.7071,  0.0000,  0.0000, 
2021-12-01 08:00:39 || KittingInterface.pickupGear() : pickupGear=sku_part_medium_gear18 approach/move/close/retract
2021-12-01 08:00:39 || CRCLClient.issueCrclCommand() : class crcl.base.MoveToType 0.3190, -0.0600,  0.0408  0.7071,  0.7071,  0.0000,  0.0000, 
2021-12-01 08:00:41 || CRCLClient.issueCrclCommand() : class crcl.base.MoveToType 0.3190, -0.0600,  0.0008  0.7071,  0.7071,  0.0000,  0.0000, 
2021-12-01 08:00:43 || CRCLClient.issueCrclCommand() : class crcl.base.SetEndEffectorType close
2021-12-01 08:00:45 || CRCLClient.issueCrclCommand() : class crcl.base.MoveToType 0.3190, -0.0600,  0.0408  0.7071,  0.7071,  0.0000,  0.0000, 
2021-12-01 08:00:47 || KittingInterface.placeGear() : placeGear kit=sku_kit_m2l1_vessel14 slot= slot2  approach/move/open/retract
2021-12-01 08:00:47 || CRCLClient.issueCrclCommand() : class crcl.base.MoveToType 0.6225,  0.0480,  0.0608  0.7071,  0.7071,  0.0000,  0.0000, 
2021-12-01 08:00:49 || CRCLClient.issueCrclCommand() : class crcl.base.MoveToType 0.6225,  0.0480,  0.0208  0.7071,  0.7071,  0.0000,  0.0000, 
2021-12-01 08:00:51 || CRCLClient.issueCrclCommand() : class crcl.base.SetEndEffectorType open
2021-12-01 08:00:51 || CRCLClient.issueCrclCommand() : release gear sku_part_medium_gear18 to new location 0.4535, -1.0920,  0.9200  0.0000,  0.0000,  0.0000,  1.0000, 
2021-12-01 08:00:51 || CRCLClient.issueCrclCommand() : New kitting scene inferences after gear move
sku_kit_m2l1_vessel14 at [ 0.4000, -1.0500,  0.9200 ]
	slot1 sku_part_medium_gear (sku_part_medium_gear17) at [ 0.4564,-1.0120, 0.9200]
	slot2 sku_part_medium_gear (sku_part_medium_gear18) at [ 0.4535,-1.0920, 0.9200]
	slot3 sku_part_large_gear (empty) at [ 0.3600,-1.0485, 0.9200]
sku_kit_m2l1_vessel15 at [ 0.1800, -1.0500,  0.9200 ]
	slot1 sku_part_medium_gear (empty) at [ 0.2364,-1.0120, 0.9200]
	slot2 sku_part_medium_gear (empty) at [ 0.2335,-1.0920, 0.9200]
	slot3 sku_part_large_gear (empty) at [ 0.1400,-1.0485, 0.9200]
sku_medium_gear_vessel16 at [ 0.1900, -1.2400,  0.9200 ]
	slot1 sku_part_medium_gear (empty) at [ 0.2282,-1.1991, 0.9200]
	slot2 sku_part_medium_gear (empty) at [ 0.1491,-1.2018, 0.9200]
	slot3 sku_part_medium_gear (sku_part_medium_gear20) at [ 0.2309,-1.2782, 0.9200]
	slot4 sku_part_medium_gear (sku_part_medium_gear19) at [ 0.1518,-1.2809, 0.9200]
sku_large_gear_vessel21 at [ 0.3900, -1.2600,  0.9200 ]
	slot1 sku_part_large_gear (sku_part_large_gear23) at [ 0.3922,-1.3150, 0.9200]
	slot2 sku_part_large_gear (sku_part_large_gear22) at [ 0.3878,-1.2050, 0.9200]

2021-12-01 08:00:53 || CRCLClient.issueCrclCommand() : class crcl.base.MoveToType 0.6225,  0.0480,  0.0608  0.7071,  0.7071,  0.0000,  0.0000, 
2021-12-01 08:01:16 || KittingInterface.pickupGear() : pickupGear=sku_part_large_gear22 approach/move/close/retract
2021-12-01 08:01:16 || CRCLClient.issueCrclCommand() : class crcl.base.MoveToType 0.3590, -0.3000,  0.0408  0.7071,  0.7071,  0.0000,  0.0000, 
2021-12-01 08:01:18 || CRCLClient.issueCrclCommand() : class crcl.base.MoveToType 0.3590, -0.3000,  0.0008  0.7071,  0.7071,  0.0000,  0.0000, 
2021-12-01 08:01:20 || CRCLClient.issueCrclCommand() : class crcl.base.SetEndEffectorType close
2021-12-01 08:01:22 || CRCLClient.issueCrclCommand() : class crcl.base.MoveToType 0.3590, -0.3000,  0.0408  0.7071,  0.7071,  0.0000,  0.0000, 
2021-12-01 08:01:24 || KittingInterface.placeGear() : placeGear kit=sku_kit_m2l1_vessel14 slot= slot3  approach/move/open/retract
2021-12-01 08:01:24 || CRCLClient.issueCrclCommand() : class crcl.base.MoveToType 0.5290,  0.0915,  0.0608  0.7071,  0.7071,  0.0000,  0.0000, 
2021-12-01 08:01:26 || CRCLClient.issueCrclCommand() : class crcl.base.MoveToType 0.5290,  0.0915,  0.0208  0.7071,  0.7071,  0.0000,  0.0000, 
2021-12-01 08:01:28 || CRCLClient.issueCrclCommand() : class crcl.base.SetEndEffectorType open
2021-12-01 08:01:28 || CRCLClient.issueCrclCommand() : release gear sku_part_large_gear22 to new location 0.3600, -1.0485,  0.9200  0.0000,  0.0000,  0.0000,  1.0000, 
2021-12-01 08:01:28 || CRCLClient.issueCrclCommand() : New kitting scene inferences after gear move
sku_kit_m2l1_vessel14 at [ 0.4000, -1.0500,  0.9200 ]
	slot1 sku_part_medium_gear (sku_part_medium_gear17) at [ 0.4564,-1.0120, 0.9200]
	slot2 sku_part_medium_gear (sku_part_medium_gear18) at [ 0.4535,-1.0920, 0.9200]
	slot3 sku_part_large_gear (sku_part_large_gear22) at [ 0.3600,-1.0485, 0.9200]
sku_kit_m2l1_vessel15 at [ 0.1800, -1.0500,  0.9200 ]
	slot1 sku_part_medium_gear (empty) at [ 0.2364,-1.0120, 0.9200]
	slot2 sku_part_medium_gear (empty) at [ 0.2335,-1.0920, 0.9200]
	slot3 sku_part_large_gear (empty) at [ 0.1400,-1.0485, 0.9200]
sku_medium_gear_vessel16 at [ 0.1900, -1.2400,  0.9200 ]
	slot1 sku_part_medium_gear (empty) at [ 0.2282,-1.1991, 0.9200]
	slot2 sku_part_medium_gear (empty) at [ 0.1491,-1.2018, 0.9200]
	slot3 sku_part_medium_gear (sku_part_medium_gear20) at [ 0.2309,-1.2782, 0.9200]
	slot4 sku_part_medium_gear (sku_part_medium_gear19) at [ 0.1518,-1.2809, 0.9200]
sku_large_gear_vessel21 at [ 0.3900, -1.2600,  0.9200 ]
	slot1 sku_part_large_gear (sku_part_large_gear23) at [ 0.3922,-1.3150, 0.9200]
	slot2 sku_part_large_gear (empty) at [ 0.3878,-1.2050, 0.9200]

2021-12-01 08:01:30 || CRCLClient.issueCrclCommand() : class crcl.base.MoveToType 0.5290,  0.0915,  0.0608  0.7071,  0.7071,  0.0000,  0.0000, 
2021-12-01 08:01:32 || KittingInterface.pickupGear() : pickupGear=sku_part_medium_gear19 approach/move/close/retract
2021-12-01 08:01:32 || CRCLClient.issueCrclCommand() : class crcl.base.MoveToType 0.3190, -0.1400,  0.0408  0.7071,  0.7071,  0.0000,  0.0000, 
2021-12-01 08:01:34 || CRCLClient.issueCrclCommand() : class crcl.base.MoveToType 0.3190, -0.1400,  0.0008  0.7071,  0.7071,  0.0000,  0.0000, 
2021-12-01 08:01:36 || CRCLClient.issueCrclCommand() : class crcl.base.SetEndEffectorType close
2021-12-01 08:01:38 || CRCLClient.issueCrclCommand() : class crcl.base.MoveToType 0.3190, -0.1400,  0.0408  0.7071,  0.7071,  0.0000,  0.0000, 
2021-12-01 08:01:40 || KittingInterface.placeGear() : placeGear kit=sku_kit_m2l1_vessel15 slot= slot1  approach/move/open/retract
2021-12-01 08:01:40 || CRCLClient.issueCrclCommand() : class crcl.base.MoveToType 0.4054,  0.1280,  0.0608  0.7071,  0.7071,  0.0000,  0.0000, 
2021-12-01 08:01:42 || CRCLClient.issueCrclCommand() : class crcl.base.MoveToType 0.4054,  0.1280,  0.0208  0.7071,  0.7071,  0.0000,  0.0000, 
2021-12-01 08:01:44 || CRCLClient.issueCrclCommand() : class crcl.base.SetEndEffectorType open
2021-12-01 08:01:44 || CRCLClient.issueCrclCommand() : release gear sku_part_medium_gear19 to new location 0.2364, -1.0120,  0.9200  0.0000,  0.0000,  0.0000,  1.0000, 
2021-12-01 08:01:44 || CRCLClient.issueCrclCommand() : New kitting scene inferences after gear move
sku_kit_m2l1_vessel14 at [ 0.4000, -1.0500,  0.9200 ]
	slot1 sku_part_medium_gear (sku_part_medium_gear17) at [ 0.4564,-1.0120, 0.9200]
	slot2 sku_part_medium_gear (sku_part_medium_gear18) at [ 0.4535,-1.0920, 0.9200]
	slot3 sku_part_large_gear (sku_part_large_gear22) at [ 0.3600,-1.0485, 0.9200]
sku_kit_m2l1_vessel15 at [ 0.1800, -1.0500,  0.9200 ]
	slot1 sku_part_medium_gear (sku_part_medium_gear19) at [ 0.2364,-1.0120, 0.9200]
	slot2 sku_part_medium_gear (empty) at [ 0.2335,-1.0920, 0.9200]
	slot3 sku_part_large_gear (empty) at [ 0.1400,-1.0485, 0.9200]
sku_medium_gear_vessel16 at [ 0.1900, -1.2400,  0.9200 ]
	slot1 sku_part_medium_gear (empty) at [ 0.2282,-1.1991, 0.9200]
	slot2 sku_part_medium_gear (empty) at [ 0.1491,-1.2018, 0.9200]
	slot3 sku_part_medium_gear (sku_part_medium_gear20) at [ 0.2309,-1.2782, 0.9200]
	slot4 sku_part_medium_gear (empty) at [ 0.1518,-1.2809, 0.9200]
sku_large_gear_vessel21 at [ 0.3900, -1.2600,  0.9200 ]
	slot1 sku_part_large_gear (sku_part_large_gear23) at [ 0.3922,-1.3150, 0.9200]
	slot2 sku_part_large_gear (empty) at [ 0.3878,-1.2050, 0.9200]

2021-12-01 08:01:46 || CRCLClient.issueCrclCommand() : class crcl.base.MoveToType 0.4054,  0.1280,  0.0608  0.7071,  0.7071,  0.0000,  0.0000, 
2021-12-01 08:01:48 || KittingInterface.pickupGear() : pickupGear=sku_part_medium_gear20 approach/move/close/retract
2021-12-01 08:01:48 || CRCLClient.issueCrclCommand() : class crcl.base.MoveToType 0.3990, -0.1400,  0.0408  0.7071,  0.7071,  0.0000,  0.0000, 
2021-12-01 08:01:50 || CRCLClient.issueCrclCommand() : class crcl.base.MoveToType 0.3990, -0.1400,  0.0008  0.7071,  0.7071,  0.0000,  0.0000, 
2021-12-01 08:01:52 || CRCLClient.issueCrclCommand() : class crcl.base.SetEndEffectorType close
2021-12-01 08:01:54 || CRCLClient.issueCrclCommand() : class crcl.base.MoveToType 0.3990, -0.1400,  0.0408  0.7071,  0.7071,  0.0000,  0.0000, 
2021-12-01 08:01:56 || KittingInterface.placeGear() : placeGear kit=sku_kit_m2l1_vessel15 slot= slot2  approach/move/open/retract
2021-12-01 08:01:56 || CRCLClient.issueCrclCommand() : class crcl.base.MoveToType 0.4025,  0.0480,  0.0608  0.7071,  0.7071,  0.0000,  0.0000, 
2021-12-01 08:01:58 || CRCLClient.issueCrclCommand() : class crcl.base.MoveToType 0.4025,  0.0480,  0.0208  0.7071,  0.7071,  0.0000,  0.0000, 
2021-12-01 08:02:00 || CRCLClient.issueCrclCommand() : class crcl.base.SetEndEffectorType open
2021-12-01 08:02:00 || CRCLClient.issueCrclCommand() : release gear sku_part_medium_gear20 to new location 0.2335, -1.0920,  0.9200  0.0000,  0.0000,  0.0000,  1.0000, 
2021-12-01 08:02:00 || CRCLClient.issueCrclCommand() : New kitting scene inferences after gear move
sku_kit_m2l1_vessel14 at [ 0.4000, -1.0500,  0.9200 ]
	slot1 sku_part_medium_gear (sku_part_medium_gear17) at [ 0.4564,-1.0120, 0.9200]
	slot2 sku_part_medium_gear (sku_part_medium_gear18) at [ 0.4535,-1.0920, 0.9200]
	slot3 sku_part_large_gear (sku_part_large_gear22) at [ 0.3600,-1.0485, 0.9200]
sku_kit_m2l1_vessel15 at [ 0.1800, -1.0500,  0.9200 ]
	slot1 sku_part_medium_gear (sku_part_medium_gear19) at [ 0.2364,-1.0120, 0.9200]
	slot2 sku_part_medium_gear (sku_part_medium_gear20) at [ 0.2335,-1.0920, 0.9200]
	slot3 sku_part_large_gear (empty) at [ 0.1400,-1.0485, 0.9200]
sku_medium_gear_vessel16 at [ 0.1900, -1.2400,  0.9200 ]
	slot1 sku_part_medium_gear (empty) at [ 0.2282,-1.1991, 0.9200]
	slot2 sku_part_medium_gear (empty) at [ 0.1491,-1.2018, 0.9200]
	slot3 sku_part_medium_gear (empty) at [ 0.2309,-1.2782, 0.9200]
	slot4 sku_part_medium_gear (empty) at [ 0.1518,-1.2809, 0.9200]
sku_large_gear_vessel21 at [ 0.3900, -1.2600,  0.9200 ]
	slot1 sku_part_large_gear (sku_part_large_gear23) at [ 0.3922,-1.3150, 0.9200]
	slot2 sku_part_large_gear (empty) at [ 0.3878,-1.2050, 0.9200]

2021-12-01 08:02:02 || CRCLClient.issueCrclCommand() : class crcl.base.MoveToType 0.4025,  0.0480,  0.0608  0.7071,  0.7071,  0.0000,  0.0000, 
2021-12-01 08:02:04 || KittingInterface.pickupGear() : pickupGear=sku_part_large_gear23 approach/move/close/retract
2021-12-01 08:02:04 || CRCLClient.issueCrclCommand() : class crcl.base.MoveToType 0.5590, -0.1800,  0.0408  0.7071,  0.7071,  0.0000,  0.0000, 
2021-12-01 08:02:06 || CRCLClient.issueCrclCommand() : class crcl.base.MoveToType 0.5590, -0.1800,  0.0008  0.7071,  0.7071,  0.0000,  0.0000, 
2021-12-01 08:02:08 || CRCLClient.issueCrclCommand() : class crcl.base.SetEndEffectorType close
2021-12-01 08:02:10 || CRCLClient.issueCrclCommand() : class crcl.base.MoveToType 0.5590, -0.1800,  0.0408  0.7071,  0.7071,  0.0000,  0.0000, 
2021-12-01 08:02:12 || KittingInterface.placeGear() : placeGear kit=sku_kit_m2l1_vessel15 slot= slot3  approach/move/open/retract
2021-12-01 08:02:12 || CRCLClient.issueCrclCommand() : class crcl.base.MoveToType 0.3090,  0.0915,  0.0608  0.7071,  0.7071,  0.0000,  0.0000, 
2021-12-01 08:02:14 || CRCLClient.issueCrclCommand() : class crcl.base.MoveToType 0.3090,  0.0915,  0.0208  0.7071,  0.7071,  0.0000,  0.0000, 
2021-12-01 08:02:16 || CRCLClient.issueCrclCommand() : class crcl.base.SetEndEffectorType open
2021-12-01 08:02:16 || CRCLClient.issueCrclCommand() : release gear sku_part_large_gear23 to new location 0.1400, -1.0485,  0.9200  0.0000,  0.0000,  0.0000,  1.0000, 
2021-12-01 08:02:16 || CRCLClient.issueCrclCommand() : New kitting scene inferences after gear move
sku_kit_m2l1_vessel14 at [ 0.4000, -1.0500,  0.9200 ]
	slot1 sku_part_medium_gear (sku_part_medium_gear17) at [ 0.4564,-1.0120, 0.9200]
	slot2 sku_part_medium_gear (sku_part_medium_gear18) at [ 0.4535,-1.0920, 0.9200]
	slot3 sku_part_large_gear (sku_part_large_gear22) at [ 0.3600,-1.0485, 0.9200]
sku_kit_m2l1_vessel15 at [ 0.1800, -1.0500,  0.9200 ]
	slot1 sku_part_medium_gear (sku_part_medium_gear19) at [ 0.2364,-1.0120, 0.9200]
	slot2 sku_part_medium_gear (sku_part_medium_gear20) at [ 0.2335,-1.0920, 0.9200]
	slot3 sku_part_large_gear (sku_part_large_gear23) at [ 0.1400,-1.0485, 0.9200]
sku_medium_gear_vessel16 at [ 0.1900, -1.2400,  0.9200 ]
	slot1 sku_part_medium_gear (empty) at [ 0.2282,-1.1991, 0.9200]
	slot2 sku_part_medium_gear (empty) at [ 0.1491,-1.2018, 0.9200]
	slot3 sku_part_medium_gear (empty) at [ 0.2309,-1.2782, 0.9200]
	slot4 sku_part_medium_gear (empty) at [ 0.1518,-1.2809, 0.9200]
sku_large_gear_vessel21 at [ 0.3900, -1.2600,  0.9200 ]
	slot1 sku_part_large_gear (empty) at [ 0.3922,-1.3150, 0.9200]
	slot2 sku_part_large_gear (empty) at [ 0.3878,-1.2050, 0.9200]

2021-12-01 08:02:18 || CRCLClient.issueCrclCommand() : class crcl.base.MoveToType 0.3090,  0.0915,  0.0608  0.7071,  0.7071,  0.0000,  0.0000, 
